kotlin version: 2.1.0
error message: org.jetbrains.kotlin.backend.common.BackendException: Backend Internal error: Exception during IR lowering
File being compiled: C:/Users/itsivag/AndroidStudioProjects/blibberly-new/auth/src/main/java/com/superbeta/blibberly_auth/components/PrimaryButton.kt
The root cause java.lang.RuntimeException was thrown at: org.jetbrains.kotlin.backend.jvm.codegen.FunctionCodegen.generate(FunctionCodegen.kt:48)
	at org.jetbrains.kotlin.backend.common.CodegenUtil.reportBackendException(CodegenUtil.kt:253)
	at org.jetbrains.kotlin.backend.common.CodegenUtil.reportBackendException$default(CodegenUtil.kt:236)
	at org.jetbrains.kotlin.backend.common.phaser.PerformByIrFilePhase.invokeSequential(performByIrFile.kt:55)
	at org.jetbrains.kotlin.backend.common.phaser.PerformByIrFilePhase.invoke(performByIrFile.kt:42)
	at org.jetbrains.kotlin.backend.common.phaser.PerformByIrFilePhase.invoke(performByIrFile.kt:28)
	at org.jetbrains.kotlin.backend.common.phaser.NamedCompilerPhase.phaseBody(CompilerPhase.kt:166)
	at org.jetbrains.kotlin.backend.common.phaser.AbstractNamedCompilerPhase.invoke(CompilerPhase.kt:113)
	at org.jetbrains.kotlin.backend.common.phaser.CompositePhase.invoke(PhaseBuilders.kt:27)
	at org.jetbrains.kotlin.backend.common.phaser.CompositePhase.invoke(PhaseBuilders.kt:14)
	at org.jetbrains.kotlin.backend.common.phaser.NamedCompilerPhase.phaseBody(CompilerPhase.kt:166)
	at org.jetbrains.kotlin.backend.common.phaser.AbstractNamedCompilerPhase.invoke(CompilerPhase.kt:113)
	at org.jetbrains.kotlin.backend.common.phaser.CompilerPhaseKt.invokeToplevel(CompilerPhase.kt:62)
	at org.jetbrains.kotlin.backend.jvm.JvmIrCodegenFactory.invokeCodegen(JvmIrCodegenFactory.kt:371)
	at org.jetbrains.kotlin.codegen.CodegenFactory.generateModule(CodegenFactory.kt:47)
	at org.jetbrains.kotlin.backend.jvm.JvmIrCodegenFactory.generateModuleInFrontendIRMode(JvmIrCodegenFactory.kt:433)
	at org.jetbrains.kotlin.cli.jvm.compiler.pipeline.JvmCompilerPipelineKt.generateCodeFromIr(jvmCompilerPipeline.kt:192)
	at org.jetbrains.kotlin.cli.jvm.compiler.pipeline.JvmCompilerPipelineKt.runBackend(jvmCompilerPipeline.kt:80)
	at org.jetbrains.kotlin.cli.jvm.compiler.pipeline.JvmCompilerPipelineLightTreeKt.compileModule(jvmCompilerPipelineLightTree.kt:264)
	at org.jetbrains.kotlin.cli.jvm.compiler.pipeline.JvmCompilerPipelineLightTreeKt.compileSingleModuleUsingFrontendIrAndLightTree(jvmCompilerPipelineLightTree.kt:231)
	at org.jetbrains.kotlin.cli.jvm.compiler.pipeline.JvmCompilerPipelineLightTreeKt.compileModulesUsingFrontendIrAndLightTree(jvmCompilerPipelineLightTree.kt:86)
	at org.jetbrains.kotlin.cli.jvm.K2JVMCompiler.doExecute(K2JVMCompiler.kt:146)
	at org.jetbrains.kotlin.cli.jvm.K2JVMCompiler.doExecute(K2JVMCompiler.kt:43)
	at org.jetbrains.kotlin.cli.common.CLICompiler.execImpl(CLICompiler.kt:102)
	at org.jetbrains.kotlin.cli.common.CLICompiler.exec(CLICompiler.kt:316)
	at org.jetbrains.kotlin.incremental.IncrementalJvmCompilerRunner.runCompiler(IncrementalJvmCompilerRunner.kt:464)
	at org.jetbrains.kotlin.incremental.IncrementalJvmCompilerRunner.runCompiler(IncrementalJvmCompilerRunner.kt:73)
	at org.jetbrains.kotlin.incremental.IncrementalCompilerRunner.doCompile(IncrementalCompilerRunner.kt:506)
	at org.jetbrains.kotlin.incremental.IncrementalCompilerRunner.compileImpl(IncrementalCompilerRunner.kt:423)
	at org.jetbrains.kotlin.incremental.IncrementalCompilerRunner.compileNonIncrementally(IncrementalCompilerRunner.kt:301)
	at org.jetbrains.kotlin.incremental.IncrementalCompilerRunner.compile(IncrementalCompilerRunner.kt:129)
	at org.jetbrains.kotlin.daemon.CompileServiceImplBase.execIncrementalCompiler(CompileServiceImpl.kt:674)
	at org.jetbrains.kotlin.daemon.CompileServiceImplBase.access$execIncrementalCompiler(CompileServiceImpl.kt:91)
	at org.jetbrains.kotlin.daemon.CompileServiceImpl.compile(CompileServiceImpl.kt:1659)
	at java.base/jdk.internal.reflect.NativeMethodAccessorImpl.invoke0(Native Method)
	at java.base/jdk.internal.reflect.NativeMethodAccessorImpl.invoke(NativeMethodAccessorImpl.java:77)
	at java.base/jdk.internal.reflect.DelegatingMethodAccessorImpl.invoke(DelegatingMethodAccessorImpl.java:43)
	at java.base/java.lang.reflect.Method.invoke(Method.java:568)
	at java.rmi/sun.rmi.server.UnicastServerRef.dispatch(UnicastServerRef.java:360)
	at java.rmi/sun.rmi.transport.Transport$1.run(Transport.java:200)
	at java.rmi/sun.rmi.transport.Transport$1.run(Transport.java:197)
	at java.base/java.security.AccessController.doPrivileged(AccessController.java:712)
	at java.rmi/sun.rmi.transport.Transport.serviceCall(Transport.java:196)
	at java.rmi/sun.rmi.transport.tcp.TCPTransport.handleMessages(TCPTransport.java:587)
	at java.rmi/sun.rmi.transport.tcp.TCPTransport$ConnectionHandler.run0(TCPTransport.java:828)
	at java.rmi/sun.rmi.transport.tcp.TCPTransport$ConnectionHandler.lambda$run$0(TCPTransport.java:705)
	at java.base/java.security.AccessController.doPrivileged(AccessController.java:399)
	at java.rmi/sun.rmi.transport.tcp.TCPTransport$ConnectionHandler.run(TCPTransport.java:704)
	at java.base/java.util.concurrent.ThreadPoolExecutor.runWorker(ThreadPoolExecutor.java:1136)
	at java.base/java.util.concurrent.ThreadPoolExecutor$Worker.run(ThreadPoolExecutor.java:635)
	at java.base/java.lang.Thread.run(Thread.java:840)
Caused by: java.lang.RuntimeException: Exception while generating code for:
FUN name:PrimaryButton-ZJZ-feU visibility:public modality:FINAL <> (modifier:androidx.compose.ui.Modifier, buttonContainerColor:androidx.compose.ui.graphics.Color, buttonText:kotlin.String, isButtonEnabled:kotlin.Boolean, textColor:androidx.compose.ui.graphics.Color, hapticsEnabled:kotlin.Boolean, onClickMethod:kotlin.Function0<kotlin.Unit>) returnType:kotlin.Unit
  annotations:
    Composable
  VALUE_PARAMETER name:modifier index:0 type:androidx.compose.ui.Modifier
    EXPRESSION_BODY
      ERROR_EXPR 'Default Stub' type=androidx.compose.ui.Modifier
  VALUE_PARAMETER name:buttonContainerColor index:1 type:androidx.compose.ui.graphics.Color
    EXPRESSION_BODY
      ERROR_EXPR 'Default Stub' type=androidx.compose.ui.graphics.Color
  VALUE_PARAMETER name:buttonText index:2 type:kotlin.String
  VALUE_PARAMETER name:isButtonEnabled index:3 type:kotlin.Boolean
    EXPRESSION_BODY
      ERROR_EXPR 'Default Stub' type=kotlin.Boolean
  VALUE_PARAMETER name:textColor index:4 type:androidx.compose.ui.graphics.Color
    EXPRESSION_BODY
      ERROR_EXPR 'Default Stub' type=androidx.compose.ui.graphics.Color
  VALUE_PARAMETER name:hapticsEnabled index:5 type:kotlin.Boolean
    EXPRESSION_BODY
      ERROR_EXPR 'Default Stub' type=kotlin.Boolean
  VALUE_PARAMETER name:onClickMethod index:6 type:kotlin.Function0<kotlin.Unit>
  BLOCK_BODY
    VAR name:haptic type:androidx.compose.ui.hapticfeedback.HapticFeedback [val]
      CALL 'public final fun <get-current> (): T of androidx.compose.runtime.CompositionLocal [inline] declared in androidx.compose.runtime.CompositionLocal' type=androidx.compose.ui.hapticfeedback.HapticFeedback origin=GET_PROPERTY
        $this: TYPE_OP type=androidx.compose.runtime.CompositionLocal<T of androidx.compose.runtime.CompositionLocal> origin=IMPLICIT_CAST typeOperand=androidx.compose.runtime.CompositionLocal<T of androidx.compose.runtime.CompositionLocal>
          CALL 'public final fun <get-LocalHapticFeedback> (): androidx.compose.runtime.ProvidableCompositionLocal<androidx.compose.ui.hapticfeedback.HapticFeedback> declared in androidx.compose.ui.platform.CompositionLocalsKt' type=androidx.compose.runtime.ProvidableCompositionLocal<androidx.compose.ui.hapticfeedback.HapticFeedback> origin=GET_PROPERTY
    BLOCK type=kotlin.Unit origin=ARGUMENTS_REORDERING_FOR_CALL
      VAR IR_TEMPORARY_VARIABLE name:tmp0_colors type:androidx.compose.material3.ButtonColors [val]
        CALL 'public final fun buttonColors-nlx5xbs$default ($this: androidx.compose.material3.ButtonDefaults, containerColor: androidx.compose.ui.graphics.Color, contentColor: androidx.compose.ui.graphics.Color, disabledContainerColor: androidx.compose.ui.graphics.Color, disabledContentColor: androidx.compose.ui.graphics.Color, $mask0: kotlin.Int, $handler: kotlin.Any?): androidx.compose.material3.ButtonColors declared in androidx.compose.material3.ButtonDefaults' type=androidx.compose.material3.ButtonColors origin=DEFAULT_DISPATCH_CALL
          $this: GET_FIELD 'FIELD FIELD_FOR_OBJECT_INSTANCE name:INSTANCE type:androidx.compose.material3.ButtonDefaults visibility:public [final,static] declared in androidx.compose.material3.ButtonDefaults' type=androidx.compose.material3.ButtonDefaults origin=null
          containerColor: GET_VAR 'buttonContainerColor: androidx.compose.ui.graphics.Color declared in com.superbeta.blibberly_auth.components.PrimaryButtonKt.PrimaryButton-ZJZ-feU' type=androidx.compose.ui.graphics.Color origin=null
          contentColor: COMPOSITE type=androidx.compose.ui.graphics.Color origin=DEFAULT_VALUE
            CALL 'public final fun <unsafe-coerce> <T, R> (v: T of kotlin.jvm.internal.<unsafe-coerce>): R of kotlin.jvm.internal.<unsafe-coerce> declared in kotlin.jvm.internal' type=androidx.compose.ui.graphics.Color origin=null
              <T>: kotlin.Long
              <R>: androidx.compose.ui.graphics.Color
              v: CONST Long type=kotlin.Long value=0
          disabledContainerColor: COMPOSITE type=androidx.compose.ui.graphics.Color origin=DEFAULT_VALUE
            CALL 'public final fun <unsafe-coerce> <T, R> (v: T of kotlin.jvm.internal.<unsafe-coerce>): R of kotlin.jvm.internal.<unsafe-coerce> declared in kotlin.jvm.internal' type=androidx.compose.ui.graphics.Color origin=null
              <T>: kotlin.Long
              <R>: androidx.compose.ui.graphics.Color
              v: CONST Long type=kotlin.Long value=0
          disabledContentColor: COMPOSITE type=androidx.compose.ui.graphics.Color origin=DEFAULT_VALUE
            CALL 'public final fun <unsafe-coerce> <T, R> (v: T of kotlin.jvm.internal.<unsafe-coerce>): R of kotlin.jvm.internal.<unsafe-coerce> declared in kotlin.jvm.internal' type=androidx.compose.ui.graphics.Color origin=null
              <T>: kotlin.Long
              <R>: androidx.compose.ui.graphics.Color
              v: CONST Long type=kotlin.Long value=0
          $mask0: CONST Int type=kotlin.Int value=14
          $handler: CONST Null type=kotlin.Any? value=null
      VAR IR_TEMPORARY_VARIABLE name:tmp1_shape type:androidx.compose.foundation.shape.RoundedCornerShape [val]
        CALL 'public final fun RoundedCornerShape-0680j_4 (size: androidx.compose.ui.unit.Dp): androidx.compose.foundation.shape.RoundedCornerShape declared in androidx.compose.foundation.shape.RoundedCornerShapeKt' type=androidx.compose.foundation.shape.RoundedCornerShape origin=null
          size: CALL 'public final fun <get-dp> (): androidx.compose.ui.unit.Dp [inline] declared in androidx.compose.ui.unit.DpKt' type=androidx.compose.ui.unit.Dp origin=GET_PROPERTY
            $receiver: CONST Int type=kotlin.Int value=24
      CALL 'public final fun Button$default (onClick: kotlin.Function0<kotlin.Unit>, modifier: androidx.compose.ui.Modifier?, enabled: kotlin.Boolean, shape: androidx.compose.ui.graphics.Shape?, colors: androidx.compose.material3.ButtonColors?, elevation: androidx.compose.material3.ButtonElevation?, border: androidx.compose.foundation.BorderStroke?, contentPadding: androidx.compose.foundation.layout.PaddingValues?, interactionSource: androidx.compose.foundation.interaction.MutableInteractionSource?, content: @[Composable] @[ExtensionFunctionType] kotlin.Function1<androidx.compose.foundation.layout.RowScope, kotlin.Unit>, $mask0: kotlin.Int, $handler: kotlin.Any?): kotlin.Unit declared in androidx.compose.material3.ButtonKt' type=kotlin.Unit origin=DEFAULT_DISPATCH_CALL
        onClick: BLOCK type=kotlin.Function0<kotlin.Unit> origin=LAMBDA
          COMPOSITE type=kotlin.Unit origin=null
          CALL 'public final fun <jvm-indy> <T> (dynamicCall: T of kotlin.jvm.internal.<jvm-indy>, bootstrapMethodHandle: kotlin.Any, vararg bootstrapMethodArguments: kotlin.Any): T of kotlin.jvm.internal.<jvm-indy> declared in kotlin.jvm.internal' type=kotlin.Function0<kotlin.Unit> origin=null
            <T>: kotlin.Function0<kotlin.Unit>
            dynamicCall: CALL 'public final fun invoke (p0: kotlin.Boolean, p1: androidx.compose.ui.hapticfeedback.HapticFeedback, p2: kotlin.Function0<kotlin.Unit>): kotlin.Function0<kotlin.Unit> declared in kotlin.jvm.internal.invokeDynamic' type=kotlin.Function0<kotlin.Unit> origin=null
              p0: GET_VAR 'hapticsEnabled: kotlin.Boolean declared in com.superbeta.blibberly_auth.components.PrimaryButtonKt.PrimaryButton-ZJZ-feU' type=kotlin.Boolean origin=null
              p1: GET_VAR 'val haptic: androidx.compose.ui.hapticfeedback.HapticFeedback [val] declared in com.superbeta.blibberly_auth.components.PrimaryButtonKt.PrimaryButton-ZJZ-feU' type=androidx.compose.ui.hapticfeedback.HapticFeedback origin=null
              p2: GET_VAR 'onClickMethod: kotlin.Function0<kotlin.Unit> declared in com.superbeta.blibberly_auth.components.PrimaryButtonKt.PrimaryButton-ZJZ-feU' type=kotlin.Function0<kotlin.Unit> origin=null
            bootstrapMethodHandle: CALL 'public final fun <jvm-method-handle> (tag: kotlin.Int, owner: kotlin.String, name: kotlin.String, descriptor: kotlin.String, isInterface: kotlin.Boolean): kotlin.Any declared in kotlin.jvm.internal' type=kotlin.Any origin=null
              tag: CONST Int type=kotlin.Int value=6
              owner: CONST String type=kotlin.String value="java/lang/invoke/LambdaMetafactory"
              name: CONST String type=kotlin.String value="metafactory"
              descriptor: CONST String type=kotlin.String value="(Ljava/lang/invoke/MethodHandles$Lookup;Ljava/lang/String;Ljava/lang/invoke/MethodType;Ljava/lang/invoke/MethodType;Ljava/lang/invoke/MethodHandle;Ljava/lang/invoke/MethodType;)Ljava/lang/invoke/CallSite;"
              isInterface: CONST Boolean type=kotlin.Boolean value=false
            bootstrapMethodArguments: VARARG type=kotlin.Array<kotlin.Any> varargElementType=kotlin.Any
              CALL 'public final fun <jvm-original-method-type> (method: kotlin.Any): kotlin.Any declared in kotlin.jvm.internal' type=kotlin.Any origin=null
                method: RAW_FUNCTION_REFERENCE 'public abstract fun invoke (): R of kotlin.Function0 [operator] declared in kotlin.Function0' type=kotlin.Any
              RAW_FUNCTION_REFERENCE 'private final fun PrimaryButton_ZJZ_feU$lambda$0 ($hapticsEnabled: kotlin.Boolean, $haptic: androidx.compose.ui.hapticfeedback.HapticFeedback, $onClickMethod: kotlin.Function0<kotlin.Unit>): kotlin.Unit? declared in com.superbeta.blibberly_auth.components.PrimaryButtonKt' type=kotlin.Any
              CALL 'public final fun <jvm-original-method-type> (method: kotlin.Any): kotlin.Any declared in kotlin.jvm.internal' type=kotlin.Any origin=null
                method: RAW_FUNCTION_REFERENCE 'public abstract fun invoke (): kotlin.Unit? [fake_override,operator] declared in kotlin.jvm.internal.invokeDynamic.<fake>' type=kotlin.Any
        modifier: GET_VAR 'modifier: androidx.compose.ui.Modifier declared in com.superbeta.blibberly_auth.components.PrimaryButtonKt.PrimaryButton-ZJZ-feU' type=androidx.compose.ui.Modifier origin=null
        enabled: GET_VAR 'isButtonEnabled: kotlin.Boolean declared in com.superbeta.blibberly_auth.components.PrimaryButtonKt.PrimaryButton-ZJZ-feU' type=kotlin.Boolean origin=null
        shape: GET_VAR 'val tmp1_shape: androidx.compose.foundation.shape.RoundedCornerShape [val] declared in com.superbeta.blibberly_auth.components.PrimaryButtonKt.PrimaryButton-ZJZ-feU' type=androidx.compose.foundation.shape.RoundedCornerShape origin=null
        colors: GET_VAR 'val tmp0_colors: androidx.compose.material3.ButtonColors [val] declared in com.superbeta.blibberly_auth.components.PrimaryButtonKt.PrimaryButton-ZJZ-feU' type=androidx.compose.material3.ButtonColors origin=null
        elevation: COMPOSITE type=androidx.compose.material3.ButtonElevation? origin=DEFAULT_VALUE
          CONST Null type=androidx.compose.material3.ButtonElevation? value=null
        border: COMPOSITE type=androidx.compose.foundation.BorderStroke? origin=DEFAULT_VALUE
          CONST Null type=androidx.compose.foundation.BorderStroke? value=null
        contentPadding: COMPOSITE type=androidx.compose.foundation.layout.PaddingValues? origin=DEFAULT_VALUE
          CONST Null type=androidx.compose.foundation.layout.PaddingValues? value=null
        interactionSource: COMPOSITE type=androidx.compose.foundation.interaction.MutableInteractionSource? origin=DEFAULT_VALUE
          CONST Null type=androidx.compose.foundation.interaction.MutableInteractionSource? value=null
        content: BLOCK type=@[ExtensionFunctionType] kotlin.Function1<androidx.compose.foundation.layout.RowScope, kotlin.Unit> origin=LAMBDA
          COMPOSITE type=kotlin.Unit origin=null
          CALL 'public final fun <jvm-indy> <T> (dynamicCall: T of kotlin.jvm.internal.<jvm-indy>, bootstrapMethodHandle: kotlin.Any, vararg bootstrapMethodArguments: kotlin.Any): T of kotlin.jvm.internal.<jvm-indy> declared in kotlin.jvm.internal' type=@[ExtensionFunctionType] kotlin.Function1<androidx.compose.foundation.layout.RowScope, kotlin.Unit> origin=null
            <T>: @[ExtensionFunctionType] kotlin.Function1<androidx.compose.foundation.layout.RowScope, kotlin.Unit>
            dynamicCall: CALL 'public final fun invoke (p0: kotlin.String, p1: androidx.compose.ui.graphics.Color): @[ExtensionFunctionType] kotlin.Function1<androidx.compose.foundation.layout.RowScope, kotlin.Unit> declared in kotlin.jvm.internal.invokeDynamic' type=@[ExtensionFunctionType] kotlin.Function1<androidx.compose.foundation.layout.RowScope, kotlin.Unit> origin=null
              p0: GET_VAR 'buttonText: kotlin.String declared in com.superbeta.blibberly_auth.components.PrimaryButtonKt.PrimaryButton-ZJZ-feU' type=kotlin.String origin=null
              p1: GET_VAR 'textColor: androidx.compose.ui.graphics.Color declared in com.superbeta.blibberly_auth.components.PrimaryButtonKt.PrimaryButton-ZJZ-feU' type=androidx.compose.ui.graphics.Color origin=null
            bootstrapMethodHandle: CALL 'public final fun <jvm-method-handle> (tag: kotlin.Int, owner: kotlin.String, name: kotlin.String, descriptor: kotlin.String, isInterface: kotlin.Boolean): kotlin.Any declared in kotlin.jvm.internal' type=kotlin.Any origin=null
              tag: CONST Int type=kotlin.Int value=6
              owner: CONST String type=kotlin.String value="java/lang/invoke/LambdaMetafactory"
              name: CONST String type=kotlin.String value="metafactory"
              descriptor: CONST String type=kotlin.String value="(Ljava/lang/invoke/MethodHandles$Lookup;Ljava/lang/String;Ljava/lang/invoke/MethodType;Ljava/lang/invoke/MethodType;Ljava/lang/invoke/MethodHandle;Ljava/lang/invoke/MethodType;)Ljava/lang/invoke/CallSite;"
              isInterface: CONST Boolean type=kotlin.Boolean value=false
            bootstrapMethodArguments: VARARG type=kotlin.Array<kotlin.Any> varargElementType=kotlin.Any
              CALL 'public final fun <jvm-original-method-type> (method: kotlin.Any): kotlin.Any declared in kotlin.jvm.internal' type=kotlin.Any origin=null
                method: RAW_FUNCTION_REFERENCE 'public abstract fun invoke (p1: P1 of kotlin.Function1): R of kotlin.Function1 [operator] declared in kotlin.Function1' type=kotlin.Any
              RAW_FUNCTION_REFERENCE 'private final fun PrimaryButton_ZJZ_feU$lambda$1 ($buttonText: kotlin.String, $textColor: androidx.compose.ui.graphics.Color, $this$Button: androidx.compose.foundation.layout.RowScope): kotlin.Unit? declared in com.superbeta.blibberly_auth.components.PrimaryButtonKt' type=kotlin.Any
              CALL 'public final fun <jvm-original-method-type> (method: kotlin.Any): kotlin.Any declared in kotlin.jvm.internal' type=kotlin.Any origin=null
                method: RAW_FUNCTION_REFERENCE 'public abstract fun invoke (p1: androidx.compose.foundation.layout.RowScope): kotlin.Unit? [fake_override,operator] declared in kotlin.jvm.internal.invokeDynamic.<fake>' type=kotlin.Any
        $mask0: CONST Int type=kotlin.Int value=480
        $handler: CONST Null type=kotlin.Any? value=null

	at org.jetbrains.kotlin.backend.jvm.codegen.FunctionCodegen.generate(FunctionCodegen.kt:48)
	at org.jetbrains.kotlin.backend.jvm.codegen.FunctionCodegen.generate$default(FunctionCodegen.kt:41)
	at org.jetbrains.kotlin.backend.jvm.codegen.ClassCodegen.generateMethodNode(ClassCodegen.kt:407)
	at org.jetbrains.kotlin.backend.jvm.codegen.ClassCodegen.generateMethod(ClassCodegen.kt:424)
	at org.jetbrains.kotlin.backend.jvm.codegen.ClassCodegen.generate(ClassCodegen.kt:169)
	at org.jetbrains.kotlin.backend.jvm.FileCodegen.lower(JvmPhases.kt:39)
	at org.jetbrains.kotlin.backend.common.phaser.PhaseFactoriesKt.createFilePhase$lambda$4(PhaseFactories.kt:71)
	at org.jetbrains.kotlin.backend.common.phaser.PhaseBuildersKt$createSimpleNamedCompilerPhase$1.phaseBody(PhaseBuilders.kt:69)
	at org.jetbrains.kotlin.backend.common.phaser.SimpleNamedCompilerPhase.phaseBody(CompilerPhase.kt:226)
	at org.jetbrains.kotlin.backend.common.phaser.AbstractNamedCompilerPhase.invoke(CompilerPhase.kt:113)
	at org.jetbrains.kotlin.backend.common.phaser.PerformByIrFilePhase.invokeSequential(performByIrFile.kt:52)
	... 47 more
Caused by: org.jetbrains.kotlin.codegen.CompilationException: Back-end (JVM) Internal error: Couldn't inline method call: CALL 'public final fun <get-current> (): T of androidx.compose.runtime.CompositionLocal [inline] declared in androidx.compose.runtime.CompositionLocal' type=androidx.compose.ui.hapticfeedback.HapticFeedback origin=GET_PROPERTY
Method: null
File is unknown
The root cause java.lang.IllegalStateException was thrown at: org.jetbrains.kotlin.codegen.inline.SourceCompilerForInlineKt.getMethodNode(SourceCompilerForInline.kt:118)
	at org.jetbrains.kotlin.codegen.inline.InlineCodegen.performInline(InlineCodegen.kt:65)
	at org.jetbrains.kotlin.backend.jvm.codegen.IrInlineCodegen.genInlineCall(IrInlineCodegen.kt:163)
	at org.jetbrains.kotlin.backend.jvm.codegen.IrInlineCallGenerator.genCall(IrInlineCallGenerator.kt:36)
	at org.jetbrains.kotlin.backend.jvm.codegen.ExpressionCodegen.visitCall(ExpressionCodegen.kt:598)
	at org.jetbrains.kotlin.backend.jvm.codegen.ExpressionCodegen.visitCall(ExpressionCodegen.kt:134)
	at org.jetbrains.kotlin.ir.expressions.IrCall.accept(IrCall.kt:24)
	at org.jetbrains.kotlin.backend.jvm.codegen.ExpressionCodegen.visitVariable(ExpressionCodegen.kt:735)
	at org.jetbrains.kotlin.backend.jvm.codegen.ExpressionCodegen.visitVariable(ExpressionCodegen.kt:134)
	at org.jetbrains.kotlin.ir.declarations.IrVariable.accept(IrVariable.kt:36)
	at org.jetbrains.kotlin.backend.jvm.codegen.ExpressionCodegen.visitStatementContainer(ExpressionCodegen.kt:524)
	at org.jetbrains.kotlin.backend.jvm.codegen.ExpressionCodegen.visitBlockBody(ExpressionCodegen.kt:529)
	at org.jetbrains.kotlin.backend.jvm.codegen.ExpressionCodegen.visitBlockBody(ExpressionCodegen.kt:134)
	at org.jetbrains.kotlin.ir.expressions.IrBlockBody.accept(IrBlockBody.kt:20)
	at org.jetbrains.kotlin.backend.jvm.codegen.ExpressionCodegen.generate(ExpressionCodegen.kt:236)
	at org.jetbrains.kotlin.backend.jvm.codegen.FunctionCodegen.doGenerate(FunctionCodegen.kt:124)
	at org.jetbrains.kotlin.backend.jvm.codegen.FunctionCodegen.generate(FunctionCodegen.kt:45)
	... 57 more
Caused by: java.lang.IllegalStateException: couldn't find inline method Landroidx/compose/runtime/CompositionLocal;.getCurrent()Ljava/lang/Object;
	at org.jetbrains.kotlin.codegen.inline.SourceCompilerForInlineKt.getMethodNode(SourceCompilerForInline.kt:118)
	at org.jetbrains.kotlin.codegen.inline.SourceCompilerForInlineKt.loadCompiledInlineFunction(SourceCompilerForInline.kt:96)
	at org.jetbrains.kotlin.backend.jvm.codegen.IrSourceCompilerForInline.compileInlineFunction(IrSourceCompilerForInline.kt:91)
	at org.jetbrains.kotlin.codegen.inline.InlineCodegen.compileInline(InlineCodegen.kt:43)
	at org.jetbrains.kotlin.codegen.inline.InlineCodegen.performInline(InlineCodegen.kt:51)
	... 72 more


